Determining if the pthread_create exist failed with the following output:
Change Dir: /home/pfeiffer/catkin_ws/src/whyconLshape/CMakeFiles/CMakeTmp

Run Build Command:/usr/bin/make "cmTryCompileExec1005342765/fast"
/usr/bin/make -f CMakeFiles/cmTryCompileExec1005342765.dir/build.make CMakeFiles/cmTryCompileExec1005342765.dir/build
make[1]: Entering directory `/home/pfeiffer/catkin_ws/src/whyconLshape/CMakeFiles/CMakeTmp'
/usr/bin/cmake -E cmake_progress_report /home/pfeiffer/catkin_ws/src/whyconLshape/CMakeFiles/CMakeTmp/CMakeFiles 1
Building C object CMakeFiles/cmTryCompileExec1005342765.dir/CheckSymbolExists.c.o
/usr/bin/cc    -o CMakeFiles/cmTryCompileExec1005342765.dir/CheckSymbolExists.c.o   -c /home/pfeiffer/catkin_ws/src/whyconLshape/CMakeFiles/CMakeTmp/CheckSymbolExists.c
Linking C executable cmTryCompileExec1005342765
/usr/bin/cmake -E cmake_link_script CMakeFiles/cmTryCompileExec1005342765.dir/link.txt --verbose=1
/usr/bin/cc       CMakeFiles/cmTryCompileExec1005342765.dir/CheckSymbolExists.c.o  -o cmTryCompileExec1005342765 -rdynamic 
CMakeFiles/cmTryCompileExec1005342765.dir/CheckSymbolExists.c.o: In function `main':
CheckSymbolExists.c:(.text+0x16): undefined reference to `pthread_create'
collect2: error: ld returned 1 exit status
make[1]: *** [cmTryCompileExec1005342765] Error 1
make[1]: Leaving directory `/home/pfeiffer/catkin_ws/src/whyconLshape/CMakeFiles/CMakeTmp'
make: *** [cmTryCompileExec1005342765/fast] Error 2

File /home/pfeiffer/catkin_ws/src/whyconLshape/CMakeFiles/CMakeTmp/CheckSymbolExists.c:
/* */
#include <pthread.h>

int main(int argc, char** argv)
{
  (void)argv;
#ifndef pthread_create
  return ((int*)(&pthread_create))[argc];
#else
  (void)argc;
  return 0;
#endif
}

Determining if the function pthread_create exists in the pthreads failed with the following output:
Change Dir: /home/pfeiffer/catkin_ws/src/whyconLshape/CMakeFiles/CMakeTmp

Run Build Command:/usr/bin/make "cmTryCompileExec237395336/fast"
/usr/bin/make -f CMakeFiles/cmTryCompileExec237395336.dir/build.make CMakeFiles/cmTryCompileExec237395336.dir/build
make[1]: Entering directory `/home/pfeiffer/catkin_ws/src/whyconLshape/CMakeFiles/CMakeTmp'
/usr/bin/cmake -E cmake_progress_report /home/pfeiffer/catkin_ws/src/whyconLshape/CMakeFiles/CMakeTmp/CMakeFiles 1
Building C object CMakeFiles/cmTryCompileExec237395336.dir/CheckFunctionExists.c.o
/usr/bin/cc   -DCHECK_FUNCTION_EXISTS=pthread_create   -o CMakeFiles/cmTryCompileExec237395336.dir/CheckFunctionExists.c.o   -c /usr/share/cmake-2.8/Modules/CheckFunctionExists.c
Linking C executable cmTryCompileExec237395336
/usr/bin/cmake -E cmake_link_script CMakeFiles/cmTryCompileExec237395336.dir/link.txt --verbose=1
/usr/bin/cc   -DCHECK_FUNCTION_EXISTS=pthread_create    CMakeFiles/cmTryCompileExec237395336.dir/CheckFunctionExists.c.o  -o cmTryCompileExec237395336 -rdynamic -lpthreads 
/usr/bin/ld: cannot find -lpthreads
collect2: error: ld returned 1 exit status
make[1]: *** [cmTryCompileExec237395336] Error 1
make[1]: Leaving directory `/home/pfeiffer/catkin_ws/src/whyconLshape/CMakeFiles/CMakeTmp'
make: *** [cmTryCompileExec237395336/fast] Error 2


